{"timestamp": "2026-04-15T14:34:10.160663", "level": "INFO", "logger": "auth", "module": "crud_usuario", "function": "authenticate_user", "line": 87, "message": "Intento de autenticaci\u00f3n para: test@autolavado.com"}
{"timestamp": "2026-04-15T14:34:10.264053", "level": "INFO", "logger": "auth", "module": "crud_usuario", "function": "authenticate_user", "line": 106, "message": "Autenticaci\u00f3n exitosa - Usuario ID: 9, Email: test@autolavado.com"}
{"timestamp": "2026-04-15T14:36:25.988150", "level": "INFO", "logger": "auth", "module": "crud_usuario", "function": "authenticate_user", "line": 87, "message": "Intento de autenticaci\u00f3n para: test@autolavado.com"}
{"timestamp": "2026-04-15T14:36:26.074509", "level": "INFO", "logger": "auth", "module": "crud_usuario", "function": "authenticate_user", "line": 106, "message": "Autenticaci\u00f3n exitosa - Usuario ID: 9, Email: test@autolavado.com"}
{"timestamp": "2026-04-15T14:39:27.957713", "level": "INFO", "logger": "auth", "module": "test_login", "function": "<module>", "line": 80, "message": "\n============================================================"}
{"timestamp": "2026-04-15T14:39:27.958245", "level": "INFO", "logger": "auth", "module": "test_login", "function": "<module>", "line": 81, "message": "INICIANDO PRUEBAS DE LOGIN"}
{"timestamp": "2026-04-15T14:39:27.958569", "level": "INFO", "logger": "auth", "module": "test_login", "function": "<module>", "line": 82, "message": "============================================================"}
{"timestamp": "2026-04-15T14:39:27.958893", "level": "INFO", "logger": "auth", "module": "test_login", "function": "test_login_exitoso", "line": 15, "message": "\n=== PRUEBA: Login exitoso ==="}
{"timestamp": "2026-04-15T14:39:28.135060", "level": "INFO", "logger": "auth", "module": "test_login", "function": "test_login_exitoso", "line": 33, "message": "Crear usuario - Status: 200"}
{"timestamp": "2026-04-15T14:39:28.142504", "level": "INFO", "logger": "auth", "module": "crud_usuario", "function": "authenticate_user", "line": 87, "message": "Intento de autenticaci\u00f3n para: logintest@test.com"}
{"timestamp": "2026-04-15T14:39:28.248423", "level": "INFO", "logger": "auth", "module": "crud_usuario", "function": "authenticate_user", "line": 106, "message": "Autenticaci\u00f3n exitosa - Usuario ID: 10, Email: logintest@test.com"}
{"timestamp": "2026-04-15T14:39:28.264809", "level": "INFO", "logger": "auth", "module": "test_login", "function": "test_login_exitoso", "line": 41, "message": "Status code: 200"}
{"timestamp": "2026-04-15T14:39:28.265191", "level": "INFO", "logger": "auth", "module": "test_login", "function": "test_login_exitoso", "line": 45, "message": "\u2713 Login exitoso - Token generado"}
{"timestamp": "2026-04-15T14:39:28.265600", "level": "INFO", "logger": "auth", "module": "test_login", "function": "test_login_fallido_credenciales_incorrectas", "line": 51, "message": "\n=== PRUEBA: Login con credenciales incorrectas (debe fallar) ==="}
{"timestamp": "2026-04-15T14:39:28.271798", "level": "INFO", "logger": "auth", "module": "crud_usuario", "function": "authenticate_user", "line": 87, "message": "Intento de autenticaci\u00f3n para: logintest@test.com"}
{"timestamp": "2026-04-15T14:39:28.380273", "level": "WARNING", "logger": "auth", "module": "crud_usuario", "function": "authenticate_user", "line": 100, "message": "Autenticaci\u00f3n fallida - Contrase\u00f1a incorrecta para: logintest@test.com"}
{"timestamp": "2026-04-15T14:39:28.385674", "level": "INFO", "logger": "auth", "module": "test_login", "function": "test_login_fallido_credenciales_incorrectas", "line": 58, "message": "Status code esperado 401: 401"}
{"timestamp": "2026-04-15T14:39:28.385918", "level": "INFO", "logger": "auth", "module": "test_login", "function": "test_login_fallido_credenciales_incorrectas", "line": 61, "message": "\u2713 Fallo de login correctamente manejado"}
{"timestamp": "2026-04-15T14:39:28.386150", "level": "INFO", "logger": "auth", "module": "test_login", "function": "test_login_usuario_no_existente", "line": 67, "message": "\n=== PRUEBA: Login con usuario inexistente (debe fallar) ==="}
{"timestamp": "2026-04-15T14:39:28.392630", "level": "INFO", "logger": "auth", "module": "crud_usuario", "function": "authenticate_user", "line": 87, "message": "Intento de autenticaci\u00f3n para: noexiste@test.com"}
{"timestamp": "2026-04-15T14:39:28.395316", "level": "WARNING", "logger": "auth", "module": "crud_usuario", "function": "authenticate_user", "line": 95, "message": "Autenticaci\u00f3n fallida - Usuario no encontrado: noexiste@test.com"}
{"timestamp": "2026-04-15T14:39:28.400135", "level": "INFO", "logger": "auth", "module": "test_login", "function": "test_login_usuario_no_existente", "line": 75, "message": "\u2713 Usuario inexistente correctamente rechazado"}
{"timestamp": "2026-04-15T14:39:28.400505", "level": "INFO", "logger": "auth", "module": "test_login", "function": "<module>", "line": 88, "message": "\n\u2713 Todas las pruebas de login finalizaron"}
{"timestamp": "2026-04-15T14:39:51.044950", "level": "INFO", "logger": "auth", "module": "test_login", "function": "<module>", "line": 80, "message": "\n============================================================"}
{"timestamp": "2026-04-15T14:39:51.045257", "level": "INFO", "logger": "auth", "module": "test_login", "function": "<module>", "line": 81, "message": "INICIANDO PRUEBAS DE LOGIN"}
{"timestamp": "2026-04-15T14:39:51.045530", "level": "INFO", "logger": "auth", "module": "test_login", "function": "<module>", "line": 82, "message": "============================================================"}
{"timestamp": "2026-04-15T14:39:51.045860", "level": "INFO", "logger": "auth", "module": "test_login", "function": "test_login_exitoso", "line": 15, "message": "\n=== PRUEBA: Login exitoso ==="}
{"timestamp": "2026-04-15T14:39:51.092010", "level": "INFO", "logger": "auth", "module": "test_login", "function": "test_login_exitoso", "line": 33, "message": "Crear usuario - Status: 400"}
{"timestamp": "2026-04-15T14:39:51.099334", "level": "INFO", "logger": "auth", "module": "crud_usuario", "function": "authenticate_user", "line": 87, "message": "Intento de autenticaci\u00f3n para: logintest@test.com"}
{"timestamp": "2026-04-15T14:39:51.206964", "level": "INFO", "logger": "auth", "module": "crud_usuario", "function": "authenticate_user", "line": 106, "message": "Autenticaci\u00f3n exitosa - Usuario ID: 10, Email: logintest@test.com"}
{"timestamp": "2026-04-15T14:39:51.221110", "level": "INFO", "logger": "auth", "module": "test_login", "function": "test_login_exitoso", "line": 41, "message": "Status code: 200"}
{"timestamp": "2026-04-15T14:39:51.221401", "level": "INFO", "logger": "auth", "module": "test_login", "function": "test_login_exitoso", "line": 45, "message": "\u2713 Login exitoso - Token generado"}
{"timestamp": "2026-04-15T14:39:51.221599", "level": "INFO", "logger": "auth", "module": "test_login", "function": "test_login_fallido_credenciales_incorrectas", "line": 51, "message": "\n=== PRUEBA: Login con credenciales incorrectas (debe fallar) ==="}
{"timestamp": "2026-04-15T14:39:51.229774", "level": "INFO", "logger": "auth", "module": "crud_usuario", "function": "authenticate_user", "line": 87, "message": "Intento de autenticaci\u00f3n para: logintest@test.com"}
{"timestamp": "2026-04-15T14:39:51.336307", "level": "WARNING", "logger": "auth", "module": "crud_usuario", "function": "authenticate_user", "line": 100, "message": "Autenticaci\u00f3n fallida - Contrase\u00f1a incorrecta para: logintest@test.com"}
{"timestamp": "2026-04-15T14:39:51.341623", "level": "INFO", "logger": "auth", "module": "test_login", "function": "test_login_fallido_credenciales_incorrectas", "line": 58, "message": "Status code esperado 401: 401"}
{"timestamp": "2026-04-15T14:39:51.342022", "level": "INFO", "logger": "auth", "module": "test_login", "function": "test_login_fallido_credenciales_incorrectas", "line": 61, "message": "\u2713 Fallo de login correctamente manejado"}
{"timestamp": "2026-04-15T14:39:51.342478", "level": "INFO", "logger": "auth", "module": "test_login", "function": "test_login_usuario_no_existente", "line": 67, "message": "\n=== PRUEBA: Login con usuario inexistente (debe fallar) ==="}
{"timestamp": "2026-04-15T14:39:51.348593", "level": "INFO", "logger": "auth", "module": "crud_usuario", "function": "authenticate_user", "line": 87, "message": "Intento de autenticaci\u00f3n para: noexiste@test.com"}
{"timestamp": "2026-04-15T14:39:51.351324", "level": "WARNING", "logger": "auth", "module": "crud_usuario", "function": "authenticate_user", "line": 95, "message": "Autenticaci\u00f3n fallida - Usuario no encontrado: noexiste@test.com"}
{"timestamp": "2026-04-15T14:39:51.355548", "level": "INFO", "logger": "auth", "module": "test_login", "function": "test_login_usuario_no_existente", "line": 75, "message": "\u2713 Usuario inexistente correctamente rechazado"}
{"timestamp": "2026-04-15T14:39:51.355829", "level": "INFO", "logger": "auth", "module": "test_login", "function": "<module>", "line": 88, "message": "\n\u2713 Todas las pruebas de login finalizaron"}
